<?xml version="1.0" encoding="UTF-8"?>
<robot generator="Robot 7.2 (Python 3.13.1 on win32)" generated="2025-02-11T11:06:03.442408" rpa="false" schemaversion="5">
<suite id="s1" name="Product" source="d:\lab_year2\RobotFramework\product.robot">
<kw name="Open Browser" owner="SeleniumLibrary" type="SETUP">
<msg time="2025-02-11T11:06:03.769875" level="INFO">Opening browser 'firefox' to base url 'https://automationexercise.com/'.</msg>
<arg>https://automationexercise.com/</arg>
<doc>Opens a new browser instance to the optional ``url``.</doc>
<status status="PASS" start="2025-02-11T11:06:03.769550" elapsed="9.088953"/>
</kw>
<test id="s1-t1" name="Test Value" line="93">
<kw name="Click Products Page">
<kw name="Click Element" owner="SeleniumLibrary">
<msg time="2025-02-11T11:06:12.867841" level="INFO">Clicking element '//*[@id="header"]/div/div/div/div[2]/div/ul/li[2]/a'.</msg>
<arg>//*[@id="header"]/div/div/div/div[2]/div/ul/li[2]/a</arg>
<doc>Click the element identified by ``locator``.</doc>
<status status="PASS" start="2025-02-11T11:06:12.866986" elapsed="1.935842"/>
</kw>
<status status="PASS" start="2025-02-11T11:06:12.866144" elapsed="1.937324"/>
</kw>
<kw name="Input Search">
<kw name="Input Text" owner="SeleniumLibrary">
<msg time="2025-02-11T11:06:14.809677" level="INFO">Typing text 'POLO' into text field '//*[@id="search_product"]'.</msg>
<arg>//*[@id="search_product"]</arg>
<arg>${SEARCH}</arg>
<doc>Types the given ``text`` into the text field identified by ``locator``.</doc>
<status status="PASS" start="2025-02-11T11:06:14.807810" elapsed="0.095243"/>
</kw>
<arg>${SEARCH}</arg>
<status status="PASS" start="2025-02-11T11:06:14.806560" elapsed="0.097430"/>
</kw>
<kw name="Click Products Button">
<kw name="Click Button" owner="SeleniumLibrary">
<msg time="2025-02-11T11:06:14.906769" level="INFO">Clicking button '//*[@id="submit_search"]'.</msg>
<arg>//*[@id="submit_search"]</arg>
<doc>Clicks the button identified by ``locator``.</doc>
<status status="PASS" start="2025-02-11T11:06:14.905889" elapsed="1.441902"/>
</kw>
<status status="PASS" start="2025-02-11T11:06:14.904770" elapsed="1.443266"/>
</kw>
<kw name="Click Add Products Button">
<kw name="Execute Javascript" owner="SeleniumLibrary">
<msg time="2025-02-11T11:06:16.350536" level="INFO">Executing JavaScript:
document.body.style.zoom="50%"
Without any arguments.</msg>
<arg>document.body.style.zoom="50%"</arg>
<doc>Executes the given JavaScript code with possible arguments.</doc>
<status status="PASS" start="2025-02-11T11:06:16.349372" elapsed="0.038854"/>
</kw>
<kw name="Sleep" owner="BuiltIn">
<msg time="2025-02-11T11:06:21.390129" level="INFO">Slept 5 seconds.</msg>
<arg>5s</arg>
<doc>Pauses the test executed for the given time.</doc>
<status status="PASS" start="2025-02-11T11:06:16.389130" elapsed="5.001222"/>
</kw>
<kw name="Click Element" owner="SeleniumLibrary">
<msg time="2025-02-11T11:06:21.390743" level="INFO">Clicking element '/html/body/section[2]/div/div/div[2]/div/div[2]/div/div[1]/div[1]/a'.</msg>
<msg time="2025-02-11T11:06:21.427240" level="INFO" html="true">&lt;/td&gt;&lt;/tr&gt;&lt;tr&gt;&lt;td colspan="3"&gt;&lt;a href="selenium-screenshot-12.png"&gt;&lt;img src="selenium-screenshot-12.png" width="800px"&gt;&lt;/a&gt;</msg>
<msg time="2025-02-11T11:06:21.427646" level="FAIL">Element with locator '/html/body/section[2]/div/div/div[2]/div/div[2]/div/div[1]/div[1]/a' not found.</msg>
<arg>/html/body/section[2]/div/div/div[2]/div/div[2]/div/div[1]/div[1]/a</arg>
<doc>Click the element identified by ``locator``.</doc>
<status status="FAIL" start="2025-02-11T11:06:21.390533" elapsed="0.040474">Element with locator '/html/body/section[2]/div/div/div[2]/div/div[2]/div/div[1]/div[1]/a' not found.</status>
</kw>
<status status="FAIL" start="2025-02-11T11:06:16.348667" elapsed="5.082766">Element with locator '/html/body/section[2]/div/div/div[2]/div/div[2]/div/div[1]/div[1]/a' not found.</status>
</kw>
<kw name="Click Cart Page">
<status status="NOT RUN" start="2025-02-11T11:06:21.432184" elapsed="0.000149"/>
</kw>
<kw name="Click Login Page">
<status status="NOT RUN" start="2025-02-11T11:06:21.432760" elapsed="0.000121"/>
</kw>
<kw name="Input Name">
<arg>${NAME}</arg>
<status status="NOT RUN" start="2025-02-11T11:06:21.433356" elapsed="0.000167"/>
</kw>
<kw name="Input Email">
<arg>${EMAIL}</arg>
<status status="NOT RUN" start="2025-02-11T11:06:21.433960" elapsed="0.000139"/>
</kw>
<kw name="Click Signup">
<status status="NOT RUN" start="2025-02-11T11:06:21.434400" elapsed="0.000088"/>
</kw>
<kw name="Click Title">
<status status="NOT RUN" start="2025-02-11T11:06:21.434824" elapsed="0.000083"/>
</kw>
<kw name="Input Password">
<arg>${PASSWORS}</arg>
<status status="NOT RUN" start="2025-02-11T11:06:21.435204" elapsed="0.000088"/>
</kw>
<kw name="Input Fname">
<arg>${FNAME}</arg>
<status status="NOT RUN" start="2025-02-11T11:06:21.435543" elapsed="0.000087"/>
</kw>
<kw name="Input Lname">
<arg>${LNAME}</arg>
<status status="NOT RUN" start="2025-02-11T11:06:21.435889" elapsed="0.000082"/>
</kw>
<kw name="Input Address">
<arg>${ADDRESS}</arg>
<status status="NOT RUN" start="2025-02-11T11:06:21.436217" elapsed="0.000086"/>
</kw>
<kw name="Input State">
<arg>${STATE}</arg>
<status status="NOT RUN" start="2025-02-11T11:06:21.436610" elapsed="0.000131"/>
</kw>
<kw name="Input City">
<arg>${CITY}</arg>
<status status="NOT RUN" start="2025-02-11T11:06:21.437021" elapsed="0.000086"/>
</kw>
<kw name="Input Code">
<arg>${CODE}</arg>
<status status="NOT RUN" start="2025-02-11T11:06:21.437361" elapsed="0.000087"/>
</kw>
<kw name="Input Number">
<arg>${Number}</arg>
<status status="NOT RUN" start="2025-02-11T11:06:21.437770" elapsed="0.000088"/>
</kw>
<kw name="Click Create Account">
<status status="NOT RUN" start="2025-02-11T11:06:21.438137" elapsed="0.000081"/>
</kw>
<kw name="Click Cart Page Again">
<status status="NOT RUN" start="2025-02-11T11:06:21.438460" elapsed="0.000083"/>
</kw>
<kw name="Wait Until Page Contains" owner="SeleniumLibrary">
<arg>Premium Polo T-Shirts</arg>
<doc>Waits until ``text`` appears on the current page.</doc>
<status status="NOT RUN" start="2025-02-11T11:06:21.438804" elapsed="0.000091"/>
</kw>
<status status="FAIL" start="2025-02-11T11:06:12.859586" elapsed="8.579635">Element with locator '/html/body/section[2]/div/div/div[2]/div/div[2]/div/div[1]/div[1]/a' not found.</status>
</test>
<kw name="Close Browser" owner="SeleniumLibrary" type="TEARDOWN">
<doc>Closes the current browser.</doc>
<status status="PASS" start="2025-02-11T11:06:21.440633" elapsed="2.876129"/>
</kw>
<status status="FAIL" start="2025-02-11T11:06:03.446969" elapsed="20.870193"/>
</suite>
<statistics>
<total>
<stat pass="0" fail="1" skip="0">All Tests</stat>
</total>
<tag>
</tag>
<suite>
<stat name="Product" id="s1" pass="0" fail="1" skip="0">Product</stat>
</suite>
</statistics>
<errors>
</errors>
</robot>
