<?xml version="1.0" encoding="UTF-8"?>
<robot generator="Robot 7.2 (Python 3.13.1 on win32)" generated="2025-02-11T10:35:52.968420" rpa="false" schemaversion="5">
<suite id="s1" name="Product" source="d:\lab_year2\RobotFramework\product.robot">
<kw name="Open Browser" owner="SeleniumLibrary" type="SETUP">
<msg time="2025-02-11T10:35:53.319392" level="INFO">Opening browser 'gc' to base url 'https://automationexercise.com/'.</msg>
<arg>https://automationexercise.com/</arg>
<arg>gc</arg>
<doc>Opens a new browser instance to the optional ``url``.</doc>
<status status="PASS" start="2025-02-11T10:35:53.319077" elapsed="14.937367"/>
</kw>
<test id="s1-t1" name="Test Value" line="91">
<kw name="Click Products Page">
<kw name="Click Element" owner="SeleniumLibrary">
<msg time="2025-02-11T10:36:08.259610" level="INFO">Clicking element '//*[@id="header"]/div/div/div/div[2]/div/ul/li[2]/a'.</msg>
<arg>//*[@id="header"]/div/div/div/div[2]/div/ul/li[2]/a</arg>
<doc>Click the element identified by ``locator``.</doc>
<status status="PASS" start="2025-02-11T10:36:08.259213" elapsed="19.021766"/>
</kw>
<status status="PASS" start="2025-02-11T10:36:08.258788" elapsed="19.022604"/>
</kw>
<kw name="Input Search">
<kw name="Input Text" owner="SeleniumLibrary">
<msg time="2025-02-11T10:36:27.284912" level="INFO">Typing text 'POLO' into text field '//*[@id="search_product"]'.</msg>
<msg time="2025-02-11T10:36:27.310170" level="WARN">Keyword 'Capture Page Screenshot' could not be run on failure: Message: no such window: target window already closed
from unknown error: web view not found
  (Session info: chrome=133.0.6943.59)
Stacktrace:
	GetHandleVerifier [0x00007FF6C9BA2EC5+28789]
	(No symbol) [0x00007FF6C9B0F870]
	(No symbol) [0x00007FF6C99A8F9A]
	(No symbol) [0x00007FF6C9981573]
	(No symbol) [0x00007FF6C9A2EE0E]
	(No symbol) [0x00007FF6C9A4EFB2]
	(No symbol) [0x00007FF6C9A26FF3]
	(No symbol) [0x00007FF6C99EFF0E]
	(No symbol) [0x00007FF6C99F1193]
	GetHandleVerifier [0x00007FF6C9EED5FD+3479469]
	GetHandleVerifier [0x00007FF6C9F071A3+3584851]
	GetHandleVerifier [0x00007FF6C9EFC44D+3540477]
	GetHandleVerifier [0x00007FF6C9C68B6A+838938]
	(No symbol) [0x00007FF6C9B1A4EF]
	(No symbol) [0x00007FF6C9B16954]
	(No symbol) [0x00007FF6C9B16AF6]
	(No symbol) [0x00007FF6C9B06499]
	BaseThreadInitThunk [0x00007FFBF236E8D7+23]
	RtlUserThreadStart [0x00007FFBF3D9BF2C+44]
</msg>
<msg time="2025-02-11T10:36:27.313711" level="FAIL">Element with locator '//*[@id="search_product"]' not found.</msg>
<arg>//*[@id="search_product"]</arg>
<arg>${SEARCH}</arg>
<doc>Types the given ``text`` into the text field identified by ``locator``.</doc>
<status status="FAIL" start="2025-02-11T10:36:27.284147" elapsed="0.041869">Element with locator '//*[@id="search_product"]' not found.</status>
</kw>
<arg>${SEARCH}</arg>
<status status="FAIL" start="2025-02-11T10:36:27.282120" elapsed="0.044482">Element with locator '//*[@id="search_product"]' not found.</status>
</kw>
<kw name="Click Products Button">
<status status="NOT RUN" start="2025-02-11T10:36:27.327941" elapsed="0.001863"/>
</kw>
<kw name="Click Add Products Button">
<status status="NOT RUN" start="2025-02-11T10:36:27.335609" elapsed="0.000282"/>
</kw>
<kw name="Click Cart Page">
<status status="NOT RUN" start="2025-02-11T10:36:27.336465" elapsed="0.000208"/>
</kw>
<kw name="Click Login Page">
<status status="NOT RUN" start="2025-02-11T10:36:27.337376" elapsed="0.000207"/>
</kw>
<kw name="Input Name">
<arg>${NAME}</arg>
<status status="NOT RUN" start="2025-02-11T10:36:27.339628" elapsed="0.000293"/>
</kw>
<kw name="Input Email">
<arg>${EMAIL}</arg>
<status status="NOT RUN" start="2025-02-11T10:36:27.340911" elapsed="0.000259"/>
</kw>
<kw name="Click Signup">
<status status="NOT RUN" start="2025-02-11T10:36:27.343100" elapsed="0.001192"/>
</kw>
<kw name="Click Title">
<status status="NOT RUN" start="2025-02-11T10:36:27.346192" elapsed="0.000286"/>
</kw>
<kw name="Input Password">
<arg>${PASSWORS}</arg>
<status status="NOT RUN" start="2025-02-11T10:36:27.347691" elapsed="0.000328"/>
</kw>
<kw name="Input Fname">
<arg>${FNAME}</arg>
<status status="NOT RUN" start="2025-02-11T10:36:27.351094" elapsed="0.000466"/>
</kw>
<kw name="Input Lname">
<arg>${LNAME}</arg>
<status status="NOT RUN" start="2025-02-11T10:36:27.354042" elapsed="0.000334"/>
</kw>
<kw name="Input Address">
<arg>${ADDRESS}</arg>
<status status="NOT RUN" start="2025-02-11T10:36:27.355279" elapsed="0.000229"/>
</kw>
<kw name="Input State">
<arg>${STATE}</arg>
<status status="NOT RUN" start="2025-02-11T10:36:27.362027" elapsed="0.000410"/>
</kw>
<kw name="Input City">
<arg>${CITY}</arg>
<status status="NOT RUN" start="2025-02-11T10:36:27.363698" elapsed="0.000270"/>
</kw>
<kw name="Input Code">
<arg>${CODE}</arg>
<status status="NOT RUN" start="2025-02-11T10:36:27.366662" elapsed="0.001461"/>
</kw>
<kw name="Input Number">
<arg>${Number}</arg>
<status status="NOT RUN" start="2025-02-11T10:36:27.372341" elapsed="0.000967"/>
</kw>
<kw name="Click Create Account">
<status status="NOT RUN" start="2025-02-11T10:36:27.375070" elapsed="0.000237"/>
</kw>
<kw name="Click Cart Page Again">
<status status="NOT RUN" start="2025-02-11T10:36:27.379731" elapsed="0.000897"/>
</kw>
<kw name="Wait Until Page Contains" owner="SeleniumLibrary">
<arg>Premium Polo T-Shirts</arg>
<doc>Waits until ``text`` appears on the current page.</doc>
<status status="NOT RUN" start="2025-02-11T10:36:27.381935" elapsed="0.000273"/>
</kw>
<status status="FAIL" start="2025-02-11T10:36:08.257008" elapsed="19.125969">Element with locator '//*[@id="search_product"]' not found.</status>
</test>
<kw name="Close Browser" owner="SeleniumLibrary" type="TEARDOWN">
<doc>Closes the current browser.</doc>
<status status="PASS" start="2025-02-11T10:36:27.390937" elapsed="2.155144"/>
</kw>
<status status="FAIL" start="2025-02-11T10:35:52.972634" elapsed="36.573610"/>
</suite>
<statistics>
<total>
<stat pass="0" fail="1" skip="0">All Tests</stat>
</total>
<tag>
</tag>
<suite>
<stat name="Product" id="s1" pass="0" fail="1" skip="0">Product</stat>
</suite>
</statistics>
<errors>
<msg time="2025-02-11T10:36:27.310170" level="WARN">Keyword 'Capture Page Screenshot' could not be run on failure: Message: no such window: target window already closed
from unknown error: web view not found
  (Session info: chrome=133.0.6943.59)
Stacktrace:
	GetHandleVerifier [0x00007FF6C9BA2EC5+28789]
	(No symbol) [0x00007FF6C9B0F870]
	(No symbol) [0x00007FF6C99A8F9A]
	(No symbol) [0x00007FF6C9981573]
	(No symbol) [0x00007FF6C9A2EE0E]
	(No symbol) [0x00007FF6C9A4EFB2]
	(No symbol) [0x00007FF6C9A26FF3]
	(No symbol) [0x00007FF6C99EFF0E]
	(No symbol) [0x00007FF6C99F1193]
	GetHandleVerifier [0x00007FF6C9EED5FD+3479469]
	GetHandleVerifier [0x00007FF6C9F071A3+3584851]
	GetHandleVerifier [0x00007FF6C9EFC44D+3540477]
	GetHandleVerifier [0x00007FF6C9C68B6A+838938]
	(No symbol) [0x00007FF6C9B1A4EF]
	(No symbol) [0x00007FF6C9B16954]
	(No symbol) [0x00007FF6C9B16AF6]
	(No symbol) [0x00007FF6C9B06499]
	BaseThreadInitThunk [0x00007FFBF236E8D7+23]
	RtlUserThreadStart [0x00007FFBF3D9BF2C+44]
</msg>
</errors>
</robot>
